[2019-06-17 08:14:18.1418.168833] Exception Found==============================
Type: System.Security.SecurityException
Message:  [BANANA.Windows] 라이선스 파일이 존재하지 않습니다.
Source: 
HelpLink: File location that app is looking for: D:\win.bananaframework.net\bin\Debug\BANANA.Windows.amlic;
Stacktrace: 




[2019-06-17 08:14:18.1418.215709] Exception Found==============================
Type: System.Security.SecurityException
Message:  [BANANA.Windows] 라이선스 파일이 존재하지 않습니다.
Source: BANANA.Windows.v4.5
HelpLink: File location that app is looking for: D:\win.bananaframework.net\bin\Debug\BANANA.Windows.amlic;
Stacktrace: 
   at BANANA.Windows.LicenseManager.ValidateLicense()
   at BANANA.Windows.BaseForm..ctor()



[2019-06-17 08:14:23.1423.374915] Exception Found==============================
Type: System.Security.SecurityException
Message:  [BANANA.Windows] 라이선스 파일이 존재하지 않습니다.
Source: 
HelpLink: File location that app is looking for: D:\win.bananaframework.net\bin\Debug\BANANA.Windows.amlic;
Stacktrace: 




[2019-06-17 08:14:23.1423.383893] Exception Found==============================
Type: System.Security.SecurityException
Message:  [BANANA.Windows] 라이선스 파일이 존재하지 않습니다.
Source: BANANA.Windows.v4.5
HelpLink: File location that app is looking for: D:\win.bananaframework.net\bin\Debug\BANANA.Windows.amlic;
Stacktrace: 
   at BANANA.Windows.LicenseManager.ValidateLicense()
   at BANANA.Windows.BaseForm..ctor()



[2019-06-17 08:16:10.1610.049750] Exception Found==============================
Type: System.Security.SecurityException
Message:  [BANANA.Windows] 라이선스 파일이 존재하지 않습니다.
Source: 
HelpLink: File location that app is looking for: D:\win.bananaframework.net\bin\Debug\BANANA.Windows.amlic;
Stacktrace: 




[2019-06-17 08:16:10.1610.058727] Exception Found==============================
Type: System.Security.SecurityException
Message:  [BANANA.Windows] 라이선스 파일이 존재하지 않습니다.
Source: BANANA.Windows.v4.5
HelpLink: File location that app is looking for: D:\win.bananaframework.net\bin\Debug\BANANA.Windows.amlic;
Stacktrace: 
   at BANANA.Windows.LicenseManager.ValidateLicense()
   at BANANA.Windows.BaseForm..ctor()



[2019-06-17 08:16:12.1612.578989] Exception Found==============================
Type: System.Security.SecurityException
Message:  [BANANA.Windows] 라이선스 파일이 존재하지 않습니다.
Source: 
HelpLink: File location that app is looking for: D:\win.bananaframework.net\bin\Debug\BANANA.Windows.amlic;
Stacktrace: 




[2019-06-17 08:16:12.1612.588963] Exception Found==============================
Type: System.Security.SecurityException
Message:  [BANANA.Windows] 라이선스 파일이 존재하지 않습니다.
Source: BANANA.Windows.v4.5
HelpLink: File location that app is looking for: D:\win.bananaframework.net\bin\Debug\BANANA.Windows.amlic;
Stacktrace: 
   at BANANA.Windows.LicenseManager.ValidateLicense()
   at BANANA.Windows.BaseForm..ctor()



[2019-06-17 08:16:30.1630.147945] Exception Found==============================
Type: System.Security.SecurityException
Message:  [BANANA.Windows] 라이선스 파일이 존재하지 않습니다.
Source: 
HelpLink: File location that app is looking for: D:\win.bananaframework.net\bin\Debug\BANANA.Windows.amlic;
Stacktrace: 




[2019-06-17 08:16:30.1630.154926] Exception Found==============================
Type: System.Security.SecurityException
Message:  [BANANA.Windows] 라이선스 파일이 존재하지 않습니다.
Source: BANANA.Windows.v4.5
HelpLink: File location that app is looking for: D:\win.bananaframework.net\bin\Debug\BANANA.Windows.amlic;
Stacktrace: 
   at BANANA.Windows.LicenseManager.ValidateLicense()
   at BANANA.Windows.BaseForm..ctor()



[2019-06-17 08:16:37.1637.585063] Exception Found==============================
Type: System.Security.SecurityException
Message:  [BANANA.Windows] 라이선스 파일이 존재하지 않습니다.
Source: 
HelpLink: File location that app is looking for: D:\win.bananaframework.net\bin\Debug\BANANA.Windows.amlic;
Stacktrace: 




[2019-06-17 08:16:37.1637.593043] Exception Found==============================
Type: System.Security.SecurityException
Message:  [BANANA.Windows] 라이선스 파일이 존재하지 않습니다.
Source: BANANA.Windows.v4.5
HelpLink: File location that app is looking for: D:\win.bananaframework.net\bin\Debug\BANANA.Windows.amlic;
Stacktrace: 
   at BANANA.Windows.LicenseManager.ValidateLicense()
   at BANANA.Windows.BaseForm..ctor()



[2019-06-17 08:17:32.1732.157179] Exception Found==============================
Type: System.Security.SecurityException
Message:  [BANANA.Windows] 라이선스 파일이 존재하지 않습니다.
Source: 
HelpLink: File location that app is looking for: D:\win.bananaframework.net\bin\Debug\BANANA.Windows.amlic;
Stacktrace: 




[2019-06-17 08:17:32.1732.176130] Exception Found==============================
Type: System.Security.SecurityException
Message:  [BANANA.Windows] 라이선스 파일이 존재하지 않습니다.
Source: BANANA.Windows.v4.5
HelpLink: File location that app is looking for: D:\win.bananaframework.net\bin\Debug\BANANA.Windows.amlic;
Stacktrace: 
   at BANANA.Windows.LicenseManager.ValidateLicense()
   at BANANA.Windows.BaseForm..ctor()



[2019-06-17 08:17:36.1736.888532] Exception Found==============================
Type: System.Security.SecurityException
Message:  [BANANA.Windows] 라이선스 파일이 존재하지 않습니다.
Source: 
HelpLink: File location that app is looking for: D:\win.bananaframework.net\bin\Debug\BANANA.Windows.amlic;
Stacktrace: 




[2019-06-17 08:17:36.1736.897509] Exception Found==============================
Type: System.Security.SecurityException
Message:  [BANANA.Windows] 라이선스 파일이 존재하지 않습니다.
Source: BANANA.Windows.v4.5
HelpLink: File location that app is looking for: D:\win.bananaframework.net\bin\Debug\BANANA.Windows.amlic;
Stacktrace: 
   at BANANA.Windows.LicenseManager.ValidateLicense()
   at BANANA.Windows.BaseForm..ctor()



[2019-06-17 08:18:43.1843.395742] Exception Found==============================
Type: System.Security.SecurityException
Message:  [BANANA.Windows] 라이선스 파일이 존재하지 않습니다.
Source: 
HelpLink: File location that app is looking for: D:\win.bananaframework.net\bin\Debug\BANANA.Windows.amlic;
Stacktrace: 




[2019-06-17 08:18:43.1843.471540] Exception Found==============================
Type: System.Security.SecurityException
Message:  [BANANA.Windows] 라이선스 파일이 존재하지 않습니다.
Source: BANANA.Windows.v4.5
HelpLink: File location that app is looking for: D:\win.bananaframework.net\bin\Debug\BANANA.Windows.amlic;
Stacktrace: 
   at BANANA.Windows.LicenseManager.ValidateLicense()
   at BANANA.Windows.BaseForm..ctor()



[2019-06-17 08:18:49.1849.051624] Exception Found==============================
Type: System.Security.SecurityException
Message:  [BANANA.Windows] 라이선스 파일이 존재하지 않습니다.
Source: 
HelpLink: File location that app is looking for: D:\win.bananaframework.net\bin\Debug\BANANA.Windows.amlic;
Stacktrace: 




[2019-06-17 08:18:49.1849.061597] Exception Found==============================
Type: System.Security.SecurityException
Message:  [BANANA.Windows] 라이선스 파일이 존재하지 않습니다.
Source: BANANA.Windows.v4.5
HelpLink: File location that app is looking for: D:\win.bananaframework.net\bin\Debug\BANANA.Windows.amlic;
Stacktrace: 
   at BANANA.Windows.LicenseManager.ValidateLicense()
   at BANANA.Windows.BaseForm..ctor()



[2019-06-17 08:24:49.2449.434087] Exception Found==============================
Type: System.Security.SecurityException
Message:  [BANANA.Windows] 라이선스 파일이 존재하지 않습니다.
Source: 
HelpLink: File location that app is looking for: D:\win.bananaframework.net\bin\Debug\BANANA.Windows.amlic;
Stacktrace: 




[2019-06-17 08:24:49.2449.442066] Exception Found==============================
Type: System.Security.SecurityException
Message:  [BANANA.Windows] 라이선스 파일이 존재하지 않습니다.
Source: BANANA.Windows.v4.5
HelpLink: File location that app is looking for: D:\win.bananaframework.net\bin\Debug\BANANA.Windows.amlic;
Stacktrace: 
   at BANANA.Windows.LicenseManager.ValidateLicense()
   at BANANA.Windows.BaseForm..ctor()



[2019-06-17 08:24:52.2452.385199] Exception Found==============================
Type: System.Security.SecurityException
Message:  [BANANA.Windows] 라이선스 파일이 존재하지 않습니다.
Source: 
HelpLink: File location that app is looking for: D:\win.bananaframework.net\bin\Debug\BANANA.Windows.amlic;
Stacktrace: 




[2019-06-17 08:24:52.2452.419108] Exception Found==============================
Type: System.Security.SecurityException
Message:  [BANANA.Windows] 라이선스 파일이 존재하지 않습니다.
Source: BANANA.Windows.v4.5
HelpLink: File location that app is looking for: D:\win.bananaframework.net\bin\Debug\BANANA.Windows.amlic;
Stacktrace: 
   at BANANA.Windows.LicenseManager.ValidateLicense()
   at BANANA.Windows.BaseForm..ctor()



[2019-06-17 08:26:17.2617.693968] Exception Found==============================
Type: System.Security.SecurityException
Message:  [BANANA.Windows] 라이선스 파일이 존재하지 않습니다.
Source: 
HelpLink: File location that app is looking for: D:\win.bananaframework.net\bin\Debug\BANANA.Windows.amlic;
Stacktrace: 




[2019-06-17 08:26:17.2617.706934] Exception Found==============================
Type: System.Security.SecurityException
Message:  [BANANA.Windows] 라이선스 파일이 존재하지 않습니다.
Source: BANANA.Windows.v4.5
HelpLink: File location that app is looking for: D:\win.bananaframework.net\bin\Debug\BANANA.Windows.amlic;
Stacktrace: 
   at BANANA.Windows.LicenseManager.ValidateLicense()
   at BANANA.Windows.BaseForm..ctor()



[2019-06-17 08:26:25.2625.747439] Exception Found==============================
Type: System.Security.SecurityException
Message:  [BANANA.Windows] 라이선스 파일이 존재하지 않습니다.
Source: 
HelpLink: File location that app is looking for: D:\win.bananaframework.net\bin\Debug\BANANA.Windows.amlic;
Stacktrace: 




[2019-06-17 08:26:25.2625.754421] Exception Found==============================
Type: System.Security.SecurityException
Message:  [BANANA.Windows] 라이선스 파일이 존재하지 않습니다.
Source: BANANA.Windows.v4.5
HelpLink: File location that app is looking for: D:\win.bananaframework.net\bin\Debug\BANANA.Windows.amlic;
Stacktrace: 
   at BANANA.Windows.LicenseManager.ValidateLicense()
   at BANANA.Windows.BaseForm..ctor()



[2019-06-17 08:29:29.2929.100186] Exception Found==============================
Type: System.Security.SecurityException
Message:  [BANANA.Windows] 라이선스 파일이 존재하지 않습니다.
Source: 
HelpLink: File location that app is looking for: D:\win.bananaframework.net\bin\Debug\BANANA.Windows.amlic;
Stacktrace: 




[2019-06-17 08:29:29.2929.115147] Exception Found==============================
Type: System.Security.SecurityException
Message:  [BANANA.Windows] 라이선스 파일이 존재하지 않습니다.
Source: BANANA.Windows.v4.5
HelpLink: File location that app is looking for: D:\win.bananaframework.net\bin\Debug\BANANA.Windows.amlic;
Stacktrace: 
   at BANANA.Windows.LicenseManager.ValidateLicense()
   at BANANA.Windows.BaseForm..ctor()



[2019-06-17 08:31:20.3120.493083] Exception Found==============================
Type: System.Security.SecurityException
Message:  [BANANA.Windows] 라이선스 파일이 존재하지 않습니다.
Source: 
HelpLink: File location that app is looking for: D:\win.bananaframework.net\bin\Debug\BANANA.Windows.amlic;
Stacktrace: 




[2019-06-17 08:31:20.3120.504054] Exception Found==============================
Type: System.Security.SecurityException
Message:  [BANANA.Windows] 라이선스 파일이 존재하지 않습니다.
Source: BANANA.Windows.v4.5
HelpLink: File location that app is looking for: D:\win.bananaframework.net\bin\Debug\BANANA.Windows.amlic;
Stacktrace: 
   at BANANA.Windows.LicenseManager.ValidateLicense()
   at BANANA.Windows.BaseForm..ctor()



[2019-06-17 08:31:23.3123.691533] Exception Found==============================
Type: System.Security.SecurityException
Message:  [BANANA.Windows] 라이선스 파일이 존재하지 않습니다.
Source: 
HelpLink: File location that app is looking for: D:\win.bananaframework.net\bin\Debug\BANANA.Windows.amlic;
Stacktrace: 




[2019-06-17 08:31:23.3123.700510] Exception Found==============================
Type: System.Security.SecurityException
Message:  [BANANA.Windows] 라이선스 파일이 존재하지 않습니다.
Source: BANANA.Windows.v4.5
HelpLink: File location that app is looking for: D:\win.bananaframework.net\bin\Debug\BANANA.Windows.amlic;
Stacktrace: 
   at BANANA.Windows.LicenseManager.ValidateLicense()
   at BANANA.Windows.BaseForm..ctor()



[2019-06-17 08:32:39.3239.633522] Exception Found==============================
Type: System.Security.SecurityException
Message:  [BANANA.Windows] 라이선스 파일이 존재하지 않습니다.
Source: 
HelpLink: File location that app is looking for: D:\win.bananaframework.net\bin\Debug\BANANA.Windows.amlic;
Stacktrace: 




[2019-06-17 08:32:39.3239.642498] Exception Found==============================
Type: System.Security.SecurityException
Message:  [BANANA.Windows] 라이선스 파일이 존재하지 않습니다.
Source: BANANA.Windows.v4.5
HelpLink: File location that app is looking for: D:\win.bananaframework.net\bin\Debug\BANANA.Windows.amlic;
Stacktrace: 
   at BANANA.Windows.LicenseManager.ValidateLicense()
   at BANANA.Windows.BaseForm..ctor()



[2019-06-17 08:34:43.3443.935251] Exception Found==============================
Type: System.Security.SecurityException
Message:  [BANANA.Windows] 라이선스 파일이 존재하지 않습니다.
Source: 
HelpLink: File location that app is looking for: D:\win.bananaframework.net\bin\Debug\BANANA.Windows.amlic;
Stacktrace: 




[2019-06-17 08:34:43.3443.935251] Exception Found==============================
Type: System.Security.SecurityException
Message:  [BANANA.Windows] 라이선스 파일이 존재하지 않습니다.
Source: BANANA.Windows.v4.5
HelpLink: File location that app is looking for: D:\win.bananaframework.net\bin\Debug\BANANA.Windows.amlic;
Stacktrace: 
   at BANANA.Windows.LicenseManager.ValidateLicense()
   at BANANA.Windows.BaseForm..ctor()



[2019-06-17 08:39:55.3955.006711] Exception Found==============================
Type: System.Security.SecurityException
Message:  [BANANA.Windows] 라이선스 파일이 존재하지 않습니다.
Source: 
HelpLink: File location that app is looking for: D:\win.bananaframework.net\bin\Debug\BANANA.Windows.amlic;
Stacktrace: 




[2019-06-17 08:39:55.3955.012695] Exception Found==============================
Type: System.Security.SecurityException
Message:  [BANANA.Windows] 라이선스 파일이 존재하지 않습니다.
Source: BANANA.Windows.v4.5
HelpLink: File location that app is looking for: D:\win.bananaframework.net\bin\Debug\BANANA.Windows.amlic;
Stacktrace: 
   at BANANA.Windows.LicenseManager.ValidateLicense()
   at BANANA.Windows.BaseForm..ctor()



[2019-06-17 08:40:58.4058.146411] Exception Found==============================
Type: System.Security.SecurityException
Message:  [BANANA.Windows] 라이선스 파일이 존재하지 않습니다.
Source: 
HelpLink: File location that app is looking for: D:\win.bananaframework.net\bin\Debug\BANANA.Windows.amlic;
Stacktrace: 




[2019-06-17 08:40:58.4058.158411] Exception Found==============================
Type: System.Security.SecurityException
Message:  [BANANA.Windows] 라이선스 파일이 존재하지 않습니다.
Source: BANANA.Windows.v4.5
HelpLink: File location that app is looking for: D:\win.bananaframework.net\bin\Debug\BANANA.Windows.amlic;
Stacktrace: 
   at BANANA.Windows.LicenseManager.ValidateLicense()
   at BANANA.Windows.BaseForm..ctor()



[2019-06-17 08:57:47.5747.497002] Exception Found==============================
Type: System.Security.SecurityException
Message:  [BANANA.Windows] 라이선스 파일이 존재하지 않습니다.
Source: 
HelpLink: File location that app is looking for: D:\win.bananaframework.net\bin\Debug\BANANA.Windows.amlic;
Stacktrace: 




[2019-06-17 08:57:47.5747.502988] Exception Found==============================
Type: System.Security.SecurityException
Message:  [BANANA.Windows] 라이선스 파일이 존재하지 않습니다.
Source: BANANA.Windows.v4.5
HelpLink: File location that app is looking for: D:\win.bananaframework.net\bin\Debug\BANANA.Windows.amlic;
Stacktrace: 
   at BANANA.Windows.LicenseManager.ValidateLicense()
   at BANANA.Windows.BaseForm..ctor()



[2019-06-17 08:57:48.5748.919200] Exception Found==============================
Type: System.Security.SecurityException
Message:  [BANANA.Windows] 라이선스 파일이 존재하지 않습니다.
Source: 
HelpLink: File location that app is looking for: D:\win.bananaframework.net\bin\Debug\BANANA.Windows.amlic;
Stacktrace: 




[2019-06-17 08:57:48.5748.927179] Exception Found==============================
Type: System.Security.SecurityException
Message:  [BANANA.Windows] 라이선스 파일이 존재하지 않습니다.
Source: BANANA.Windows.v4.5
HelpLink: File location that app is looking for: D:\win.bananaframework.net\bin\Debug\BANANA.Windows.amlic;
Stacktrace: 
   at BANANA.Windows.LicenseManager.ValidateLicense()
   at BANANA.Windows.BaseForm..ctor()