[2019-09-19 09:08:27.827.877154] Exception Found==============================
Type: System.Exception
Message:  [AppManager.dll] Url: http://211.232.104.186:9001/Service/LiveUpdate/VersionInfo.ashx?a=DemoClient.vshost
AppManager 서버의 web.config에 해당 프로그램에 대한 정보가 없습니다.
Source: 
HelpLink: ServerUrl = http://211.232.104.186:9001, UpdateUrl = /LiveUpdate/DemoClient, Url = http://211.232.104.186:9001/Service/LiveUpdate/VersionInfo.ashx?a=DemoClient.vshost
Stacktrace: 




[2019-09-19 16:30:09.309.095723] Exception Found==============================
Type: System.Exception
Message:  [AppManager.dll] Url: http://211.232.104.186:9001/Service/LiveUpdate/VersionInfo.ashx?a=DemoClient.vshost
AppManager 서버의 web.config에 해당 프로그램에 대한 정보가 없습니다.
Source: 
HelpLink: ServerUrl = http://211.232.104.186:9001, UpdateUrl = /LiveUpdate/DemoClient, Url = http://211.232.104.186:9001/Service/LiveUpdate/VersionInfo.ashx?a=DemoClient.vshost
Stacktrace: 




[2019-09-19 16:31:25.3125.216655] Exception Found==============================
Type: System.Exception
Message:  [AppManager.dll] Url: http://211.232.104.186:9001/Service/LiveUpdate/VersionInfo.ashx?a=DemoClient.vshost
AppManager 서버의 web.config에 해당 프로그램에 대한 정보가 없습니다.
Source: 
HelpLink: ServerUrl = http://211.232.104.186:9001, UpdateUrl = /LiveUpdate/DemoClient, Url = http://211.232.104.186:9001/Service/LiveUpdate/VersionInfo.ashx?a=DemoClient.vshost
Stacktrace: 




[2019-09-19 16:52:36.5236.884100] Exception Found==============================
Type: System.Exception
Message:  [AppManager.dll] Url: http://211.232.104.186:9001/Service/LiveUpdate/VersionInfo.ashx?a=DemoClient.vshost
AppManager 서버의 web.config에 해당 프로그램에 대한 정보가 없습니다.
Source: 
HelpLink: ServerUrl = http://211.232.104.186:9001, UpdateUrl = /LiveUpdate/DemoClient, Url = http://211.232.104.186:9001/Service/LiveUpdate/VersionInfo.ashx?a=DemoClient.vshost
Stacktrace: 




[2019-09-19 16:53:56.5356.464503] Exception Found==============================
Type: System.Exception
Message:  [AppManager.dll] Url: http://211.232.104.186:9001/Service/LiveUpdate/VersionInfo.ashx?a=DemoClient.vshost
AppManager 서버의 web.config에 해당 프로그램에 대한 정보가 없습니다.
Source: 
HelpLink: ServerUrl = http://211.232.104.186:9001, UpdateUrl = /LiveUpdate/DemoClient, Url = http://211.232.104.186:9001/Service/LiveUpdate/VersionInfo.ashx?a=DemoClient.vshost
Stacktrace: 




[2019-09-19 16:54:31.5431.601937] Exception Found==============================
Type: System.Exception
Message:  [AppManager.dll] Url: http://211.232.104.186:9001/Service/LiveUpdate/VersionInfo.ashx?a=DemoClient.vshost
AppManager 서버의 web.config에 해당 프로그램에 대한 정보가 없습니다.
Source: 
HelpLink: ServerUrl = http://211.232.104.186:9001, UpdateUrl = /LiveUpdate/DemoClient, Url = http://211.232.104.186:9001/Service/LiveUpdate/VersionInfo.ashx?a=DemoClient.vshost
Stacktrace: 




[2019-09-19 16:59:06.596.536705] Exception Found==============================
Type: System.Security.Cryptography.CryptographicException
Message:  잘못된 데이터입니다.

Source: mscorlib
HelpLink: 
Stacktrace: 
   위치: System.Security.Cryptography.CryptographicException.ThrowCryptographicException(Int32 hr)
   위치: System.Security.Cryptography.Utils._DecryptData(SafeKeyHandle hKey, Byte[] data, Int32 ib, Int32 cb, Byte[]& outputBuffer, Int32 outputOffset, PaddingMode PaddingMode, Boolean fDone)
   위치: System.Security.Cryptography.CryptoAPITransform.TransformFinalBlock(Byte[] inputBuffer, Int32 inputOffset, Int32 inputCount)
   위치: System.Security.Cryptography.CryptoStream.Read(Byte[] buffer, Int32 offset, Int32 count)
   위치: System.IO.StreamReader.ReadBuffer()
   위치: System.IO.StreamReader.ReadToEnd()
   위치: BANANA.Common.Encryption.DES.GetDecryptDES(String Value)
   위치: BANANA.Windows.BaseForm.GetDecryptDES(String Value)
   위치: DemoClient.View.LRN.CHK100.button2_Click(Object sender, EventArgs e) 파일 C:\Users\seung\Desktop\BANANA\win.bananaframework.net\DemoClient\View\LRN\CHK100.cs:줄 40
   위치: System.Windows.Forms.Control.OnClick(EventArgs e)
   위치: System.Windows.Forms.Button.OnClick(EventArgs e)
   위치: System.Windows.Forms.Button.OnMouseUp(MouseEventArgs mevent)
   위치: System.Windows.Forms.Control.WmMouseUp(Message& m, MouseButtons button, Int32 clicks)
   위치: System.Windows.Forms.Control.WndProc(Message& m)
   위치: System.Windows.Forms.ButtonBase.WndProc(Message& m)
   위치: System.Windows.Forms.Button.WndProc(Message& m)
   위치: System.Windows.Forms.Control.ControlNativeWindow.OnMessage(Message& m)
   위치: System.Windows.Forms.Control.ControlNativeWindow.WndProc(Message& m)
   위치: System.Windows.Forms.NativeWindow.Callback(IntPtr hWnd, Int32 msg, IntPtr wparam, IntPtr lparam)



[2019-09-19 17:00:25.025.832594] Exception Found==============================
Type: System.Security.Cryptography.CryptographicException
Message:  잘못된 데이터입니다.

Source: mscorlib
HelpLink: 
Stacktrace: 
   위치: System.Security.Cryptography.CryptographicException.ThrowCryptographicException(Int32 hr)
   위치: System.Security.Cryptography.Utils._DecryptData(SafeKeyHandle hKey, Byte[] data, Int32 ib, Int32 cb, Byte[]& outputBuffer, Int32 outputOffset, PaddingMode PaddingMode, Boolean fDone)
   위치: System.Security.Cryptography.CryptoAPITransform.TransformFinalBlock(Byte[] inputBuffer, Int32 inputOffset, Int32 inputCount)
   위치: System.Security.Cryptography.CryptoStream.Read(Byte[] buffer, Int32 offset, Int32 count)
   위치: System.IO.StreamReader.ReadBuffer()
   위치: System.IO.StreamReader.ReadToEnd()
   위치: BANANA.Common.Encryption.DES.GetDecryptDES(String Value)
   위치: BANANA.Windows.BaseForm.GetDecryptDES(String Value)
   위치: DemoClient.View.LRN.CHK100.button2_Click(Object sender, EventArgs e) 파일 C:\Users\seung\Desktop\BANANA\win.bananaframework.net\DemoClient\View\LRN\CHK100.cs:줄 40
   위치: System.Windows.Forms.Control.OnClick(EventArgs e)
   위치: System.Windows.Forms.Button.OnClick(EventArgs e)
   위치: System.Windows.Forms.Button.OnMouseUp(MouseEventArgs mevent)
   위치: System.Windows.Forms.Control.WmMouseUp(Message& m, MouseButtons button, Int32 clicks)
   위치: System.Windows.Forms.Control.WndProc(Message& m)
   위치: System.Windows.Forms.ButtonBase.WndProc(Message& m)
   위치: System.Windows.Forms.Button.WndProc(Message& m)
   위치: System.Windows.Forms.Control.ControlNativeWindow.OnMessage(Message& m)
   위치: System.Windows.Forms.Control.ControlNativeWindow.WndProc(Message& m)
   위치: System.Windows.Forms.NativeWindow.Callback(IntPtr hWnd, Int32 msg, IntPtr wparam, IntPtr lparam)



[2019-09-19 17:11:12.1112.847449] Exception Found==============================
Type: System.Exception
Message:  [AppManager.dll] Url: http://211.232.104.186:9001/Service/LiveUpdate/VersionInfo.ashx?a=DemoClient.vshost
AppManager 서버의 web.config에 해당 프로그램에 대한 정보가 없습니다.
Source: 
HelpLink: ServerUrl = http://211.232.104.186:9001, UpdateUrl = /LiveUpdate/DemoClient, Url = http://211.232.104.186:9001/Service/LiveUpdate/VersionInfo.ashx?a=DemoClient.vshost
Stacktrace: 




[2019-09-19 17:14:45.1445.677681] Exception Found==============================
Type: System.Exception
Message:  [AppManager.dll] Url: http://211.232.104.186:9001/Service/LiveUpdate/VersionInfo.ashx?a=DemoClient.vshost
AppManager 서버의 web.config에 해당 프로그램에 대한 정보가 없습니다.
Source: 
HelpLink: ServerUrl = http://211.232.104.186:9001, UpdateUrl = /LiveUpdate/DemoClient, Url = http://211.232.104.186:9001/Service/LiveUpdate/VersionInfo.ashx?a=DemoClient.vshost
Stacktrace: 
