[2019-06-27 13:50:21.5021.256686] Exception Found==============================
Type: System.Exception
Message:  [AppManager.dll] Url: http://211.232.104.186:9001/Service/LiveUpdate/VersionInfo.ashx?a=DemoClient.vshost
AppManager 서버의 web.config에 해당 프로그램에 대한 정보가 없습니다.
Source: 
HelpLink: ServerUrl = http://211.232.104.186:9001, UpdateUrl = /LiveUpdate/DemoClient, Url = http://211.232.104.186:9001/Service/LiveUpdate/VersionInfo.ashx?a=DemoClient.vshost
Stacktrace: 




[2019-06-27 15:02:13.213.528368] Exception Found==============================
Type: System.Exception
Message:  [AppManager.dll] Url: http://211.232.104.186:9001/Service/LiveUpdate/VersionInfo.ashx?a=DemoClient.vshost
AppManager 서버의 web.config에 해당 프로그램에 대한 정보가 없습니다.
Source: 
HelpLink: ServerUrl = http://211.232.104.186:9001, UpdateUrl = /LiveUpdate/DemoClient, Url = http://211.232.104.186:9001/Service/LiveUpdate/VersionInfo.ashx?a=DemoClient.vshost
Stacktrace: 




[2019-06-27 15:25:54.2554.362419] Exception Found==============================
Type: System.Exception
Message:  [AppManager.dll] Url: http://211.232.104.186:9001/Service/LiveUpdate/VersionInfo.ashx?a=DemoClient.vshost
AppManager 서버의 web.config에 해당 프로그램에 대한 정보가 없습니다.
Source: 
HelpLink: ServerUrl = http://211.232.104.186:9001, UpdateUrl = /LiveUpdate/DemoClient, Url = http://211.232.104.186:9001/Service/LiveUpdate/VersionInfo.ashx?a=DemoClient.vshost
Stacktrace: 




[2019-06-27 15:26:47.2647.726045] Exception Found==============================
Type: System.Exception
Message:  [AppManager.dll] Url: http://211.232.104.186:9001/Service/LiveUpdate/VersionInfo.ashx?a=DemoClient.vshost
AppManager 서버의 web.config에 해당 프로그램에 대한 정보가 없습니다.
Source: 
HelpLink: ServerUrl = http://211.232.104.186:9001, UpdateUrl = /LiveUpdate/DemoClient, Url = http://211.232.104.186:9001/Service/LiveUpdate/VersionInfo.ashx?a=DemoClient.vshost
Stacktrace: 




[2019-06-27 16:13:34.1334.431542] Exception Found==============================
Type: System.Exception
Message:  [AppManager.dll] Url: http://211.232.104.186:9001/Service/LiveUpdate/VersionInfo.ashx?a=DemoClient.vshost
AppManager 서버의 web.config에 해당 프로그램에 대한 정보가 없습니다.
Source: 
HelpLink: ServerUrl = http://211.232.104.186:9001, UpdateUrl = /LiveUpdate/DemoClient, Url = http://211.232.104.186:9001/Service/LiveUpdate/VersionInfo.ashx?a=DemoClient.vshost
Stacktrace: 




[2019-06-27 16:27:21.2721.930006] Exception Found==============================
Type: System.Exception
Message:  [AppManager.dll] Url: http://211.232.104.186:9001/Service/LiveUpdate/VersionInfo.ashx?a=DemoClient.vshost
AppManager 서버의 web.config에 해당 프로그램에 대한 정보가 없습니다.
Source: 
HelpLink: ServerUrl = http://211.232.104.186:9001, UpdateUrl = /LiveUpdate/DemoClient, Url = http://211.232.104.186:9001/Service/LiveUpdate/VersionInfo.ashx?a=DemoClient.vshost
Stacktrace: 




[2019-06-27 17:17:10.1710.227168] Exception Found==============================
Type: System.ArgumentException
Message:  InvalidArgument=Value of '-1' is not valid for 'ColumnPosition'.
Source: System.Windows.Forms
HelpLink: 
Stacktrace: 
   at System.Windows.Forms.Layout.TableLayout.GetControlFromPosition(IArrangedElement container, Int32 column, Int32 row)
   at System.Windows.Forms.TableLayoutPanel.GetControlFromPosition(Int32 column, Int32 row)
   at DemoClient.Controls.TableLayoutPanel.RemoveControl(Control Control, Boolean IsContainer) in D:\win.bananaframework.net\DemoClient\Controls\TableLayoutPanel.cs:line 250
   at DemoClient.Controls.TableLayoutPanel.RemoveControl(Control Control, Boolean IsContainer) in D:\win.bananaframework.net\DemoClient\Controls\TableLayoutPanel.cs:line 250
   at DemoClient.Controls.TableLayoutPanel.OnSizeChanged(EventArgs e) in D:\win.bananaframework.net\DemoClient\Controls\TableLayoutPanel.cs:line 133
   at System.Windows.Forms.Control.UpdateBounds(Int32 x, Int32 y, Int32 width, Int32 height, Int32 clientWidth, Int32 clientHeight)
   at System.Windows.Forms.Control.UpdateBounds()
   at System.Windows.Forms.Control.WmWindowPosChanged(Message& m)
   at System.Windows.Forms.Control.WndProc(Message& m)
   at System.Windows.Forms.ScrollableControl.WndProc(Message& m)
   at System.Windows.Forms.Control.ControlNativeWindow.OnMessage(Message& m)
   at System.Windows.Forms.Control.ControlNativeWindow.WndProc(Message& m)
   at System.Windows.Forms.NativeWindow.Callback(IntPtr hWnd, Int32 msg, IntPtr wparam, IntPtr lparam)



[2019-06-27 17:20:43.2043.978023] Exception Found==============================
Type: System.ArgumentException
Message:  InvalidArgument=Value of '-1' is not valid for 'ColumnPosition'.
Source: System.Windows.Forms
HelpLink: 
Stacktrace: 
   at System.Windows.Forms.Layout.TableLayout.GetControlFromPosition(IArrangedElement container, Int32 column, Int32 row)
   at System.Windows.Forms.TableLayoutPanel.GetControlFromPosition(Int32 column, Int32 row)
   at DemoClient.Controls.TableLayoutPanel.RemoveControl(Control Control, Boolean IsContainer) in D:\win.bananaframework.net\DemoClient\Controls\TableLayoutPanel.cs:line 250
   at DemoClient.Controls.TableLayoutPanel.RemoveControl(Control Control, Boolean IsContainer) in D:\win.bananaframework.net\DemoClient\Controls\TableLayoutPanel.cs:line 250
   at DemoClient.Controls.TableLayoutPanel.OnSizeChanged(EventArgs e) in D:\win.bananaframework.net\DemoClient\Controls\TableLayoutPanel.cs:line 133
   at System.Windows.Forms.Control.UpdateBounds(Int32 x, Int32 y, Int32 width, Int32 height, Int32 clientWidth, Int32 clientHeight)
   at System.Windows.Forms.Control.UpdateBounds()
   at System.Windows.Forms.Control.WmWindowPosChanged(Message& m)
   at System.Windows.Forms.Control.WndProc(Message& m)
   at System.Windows.Forms.ScrollableControl.WndProc(Message& m)
   at System.Windows.Forms.Control.ControlNativeWindow.OnMessage(Message& m)
   at System.Windows.Forms.Control.ControlNativeWindow.WndProc(Message& m)
   at System.Windows.Forms.NativeWindow.Callback(IntPtr hWnd, Int32 msg, IntPtr wparam, IntPtr lparam)



[2019-06-27 19:33:27.3327.078682] Exception Found==============================
Type: System.NullReferenceException
Message:  Object reference not set to an instance of an object.
Source: DemoClient
HelpLink: 
Stacktrace: 
   at DemoClient.Controls.TableLayoutPanel.RemoveControl(Control Control, Boolean IsContainer) in D:\win.bananaframework.net\DemoClient\Controls\TableLayoutPanel.cs:line 250
   at DemoClient.Controls.TableLayoutPanel.OnSizeChanged(EventArgs e) in D:\win.bananaframework.net\DemoClient\Controls\TableLayoutPanel.cs:line 118
   at System.Windows.Forms.Control.UpdateBounds(Int32 x, Int32 y, Int32 width, Int32 height, Int32 clientWidth, Int32 clientHeight)
   at System.Windows.Forms.Control.UpdateBounds()
   at System.Windows.Forms.Control.WmWindowPosChanged(Message& m)
   at System.Windows.Forms.Control.WndProc(Message& m)
   at System.Windows.Forms.ScrollableControl.WndProc(Message& m)
   at System.Windows.Forms.Control.ControlNativeWindow.OnMessage(Message& m)
   at System.Windows.Forms.Control.ControlNativeWindow.WndProc(Message& m)
   at System.Windows.Forms.NativeWindow.Callback(IntPtr hWnd, Int32 msg, IntPtr wparam, IntPtr lparam)



[2019-06-27 20:07:45.745.933013] Exception Found==============================
Type: System.Exception
Message:  [AppManager.dll] Url: http://211.232.104.186:9001/Service/LiveUpdate/VersionInfo.ashx?a=DemoClient.vshost
Unable to connect to the remote server
Source: 
HelpLink: ServerUrl = http://211.232.104.186:9001, UpdateUrl = /LiveUpdate/DemoClient, Url = http://211.232.104.186:9001/Service/LiveUpdate/VersionInfo.ashx?a=DemoClient.vshost
Stacktrace: 




[2019-06-27 20:09:32.932.972307] Exception Found==============================
Type: System.Exception
Message:  [AppManager.dll] Url: http://211.232.104.186:9001/Service/LiveUpdate/VersionInfo.ashx?a=DemoClient.vshost
AppManager 서버의 web.config에 해당 프로그램에 대한 정보가 없습니다.
Source: 
HelpLink: ServerUrl = http://211.232.104.186:9001, UpdateUrl = /LiveUpdate/DemoClient, Url = http://211.232.104.186:9001/Service/LiveUpdate/VersionInfo.ashx?a=DemoClient.vshost
Stacktrace: 




[2019-06-27 20:11:25.1125.887176] Exception Found==============================
Type: System.Exception
Message:  [AppManager.dll] Url: http://211.232.104.186:9001/Service/LiveUpdate/VersionInfo.ashx?a=DemoClient.vshost
AppManager 서버의 web.config에 해당 프로그램에 대한 정보가 없습니다.
Source: 
HelpLink: ServerUrl = http://211.232.104.186:9001, UpdateUrl = /LiveUpdate/DemoClient, Url = http://211.232.104.186:9001/Service/LiveUpdate/VersionInfo.ashx?a=DemoClient.vshost
Stacktrace: 




[2019-06-27 20:19:56.1956.184640] Exception Found==============================
Type: System.Exception
Message:  [AppManager.dll] Url: http://211.232.104.186:9001/Service/LiveUpdate/VersionInfo.ashx?a=DemoClient.vshost
AppManager 서버의 web.config에 해당 프로그램에 대한 정보가 없습니다.
Source: 
HelpLink: ServerUrl = http://211.232.104.186:9001, UpdateUrl = /LiveUpdate/DemoClient, Url = http://211.232.104.186:9001/Service/LiveUpdate/VersionInfo.ashx?a=DemoClient.vshost
Stacktrace: 




[2019-06-27 20:20:45.2045.788741] Exception Found==============================
Type: System.NullReferenceException
Message:  Object reference not set to an instance of an object.
Source: BANANA.Windows.v4.5
HelpLink: 
Stacktrace: 
   at BANANA.Windows.BaseForm.setListItem(Object ListContainer, DataTable DataTable, String ValueMember, String DisplayMember, Boolean IsFirstRowEmpty)
   at BANANA.Windows.BaseForm.SetListItem(ComboBox ComboBox, DataTable DataTable, String ValueMember, String DisplayMember, Boolean IsFirstRowEmpty)
   at DemoClient.View.HLP.testpage..ctor() in D:\win.bananaframework.net\DemoClient\View\HLP\testpage.cs:line 27
   at DemoClient.frmMain.창고등록ToolStripMenuItem_Click(Object sender, EventArgs e) in D:\win.bananaframework.net\DemoClient\frmMain.cs:line 912
   at System.Windows.Forms.ToolStripItem.RaiseEvent(Object key, EventArgs e)
   at System.Windows.Forms.ToolStripMenuItem.OnClick(EventArgs e)
   at System.Windows.Forms.ToolStripItem.HandleClick(EventArgs e)
   at System.Windows.Forms.ToolStripItem.HandleMouseUp(MouseEventArgs e)
   at System.Windows.Forms.ToolStripItem.FireEventInteractive(EventArgs e, ToolStripItemEventType met)
   at System.Windows.Forms.ToolStripItem.FireEvent(EventArgs e, ToolStripItemEventType met)
   at System.Windows.Forms.ToolStrip.OnMouseUp(MouseEventArgs mea)
   at System.Windows.Forms.ToolStripDropDown.OnMouseUp(MouseEventArgs mea)
   at System.Windows.Forms.Control.WmMouseUp(Message& m, MouseButtons button, Int32 clicks)
   at System.Windows.Forms.Control.WndProc(Message& m)
   at System.Windows.Forms.ScrollableControl.WndProc(Message& m)
   at System.Windows.Forms.ToolStrip.WndProc(Message& m)
   at System.Windows.Forms.ToolStripDropDown.WndProc(Message& m)
   at System.Windows.Forms.Control.ControlNativeWindow.OnMessage(Message& m)
   at System.Windows.Forms.Control.ControlNativeWindow.WndProc(Message& m)
   at System.Windows.Forms.NativeWindow.Callback(IntPtr hWnd, Int32 msg, IntPtr wparam, IntPtr lparam)



[2019-06-27 20:25:53.2553.064619] Exception Found==============================
Type: System.Exception
Message:  [AppManager.dll] Url: http://211.232.104.186:9001/Service/LiveUpdate/VersionInfo.ashx?a=DemoClient.vshost
AppManager 서버의 web.config에 해당 프로그램에 대한 정보가 없습니다.
Source: 
HelpLink: ServerUrl = http://211.232.104.186:9001, UpdateUrl = /LiveUpdate/DemoClient, Url = http://211.232.104.186:9001/Service/LiveUpdate/VersionInfo.ashx?a=DemoClient.vshost
Stacktrace: 
