[2019-07-01 09:36:42.3642.079466] Exception Found==============================
Type: System.Exception
Message:  [AppManager.dll] Url: http://211.232.104.186:9001/Service/LiveUpdate/VersionInfo.ashx?a=DemoClient.vshost
AppManager 서버의 web.config에 해당 프로그램에 대한 정보가 없습니다.
Source: 
HelpLink: ServerUrl = http://211.232.104.186:9001, UpdateUrl = /LiveUpdate/DemoClient, Url = http://211.232.104.186:9001/Service/LiveUpdate/VersionInfo.ashx?a=DemoClient.vshost
Stacktrace: 




[2019-07-01 17:48:01.481.995117] Exception Found==============================
Type: System.Exception
Message:  [AppManager.dll] Url: http://211.232.104.186:9001/Service/LiveUpdate/VersionInfo.ashx?a=DemoClient.vshost
AppManager 서버의 web.config에 해당 프로그램에 대한 정보가 없습니다.
Source: 
HelpLink: ServerUrl = http://211.232.104.186:9001, UpdateUrl = /LiveUpdate/DemoClient, Url = http://211.232.104.186:9001/Service/LiveUpdate/VersionInfo.ashx?a=DemoClient.vshost
Stacktrace: 




[2019-07-01 18:07:20.720.530014] Exception Found==============================
Type: System.Exception
Message:  [AppManager.dll] Url: http://211.232.104.186:9001/Service/LiveUpdate/VersionInfo.ashx?a=DemoClient.vshost
AppManager 서버의 web.config에 해당 프로그램에 대한 정보가 없습니다.
Source: 
HelpLink: ServerUrl = http://211.232.104.186:9001, UpdateUrl = /LiveUpdate/DemoClient, Url = http://211.232.104.186:9001/Service/LiveUpdate/VersionInfo.ashx?a=DemoClient.vshost
Stacktrace: 




[2019-07-01 18:17:18.1718.029349] Exception Found==============================
Type: System.Exception
Message:  [AppManager.dll] Url: http://211.232.104.186:9001/Service/LiveUpdate/VersionInfo.ashx?a=DemoClient.vshost
AppManager 서버의 web.config에 해당 프로그램에 대한 정보가 없습니다.
Source: 
HelpLink: ServerUrl = http://211.232.104.186:9001, UpdateUrl = /LiveUpdate/DemoClient, Url = http://211.232.104.186:9001/Service/LiveUpdate/VersionInfo.ashx?a=DemoClient.vshost
Stacktrace: 




[2019-07-01 18:20:52.2052.561937] Exception Found==============================
Type: System.Exception
Message:  [AppManager.dll] Url: http://211.232.104.186:9001/Service/LiveUpdate/VersionInfo.ashx?a=DemoClient.vshost
AppManager 서버의 web.config에 해당 프로그램에 대한 정보가 없습니다.
Source: 
HelpLink: ServerUrl = http://211.232.104.186:9001, UpdateUrl = /LiveUpdate/DemoClient, Url = http://211.232.104.186:9001/Service/LiveUpdate/VersionInfo.ashx?a=DemoClient.vshost
Stacktrace: 




[2019-07-01 18:24:18.2418.030746] Exception Found==============================
Type: System.Exception
Message:  [AppManager.dll] Url: http://211.232.104.186:9001/Service/LiveUpdate/VersionInfo.ashx?a=DemoClient.vshost
AppManager 서버의 web.config에 해당 프로그램에 대한 정보가 없습니다.
Source: 
HelpLink: ServerUrl = http://211.232.104.186:9001, UpdateUrl = /LiveUpdate/DemoClient, Url = http://211.232.104.186:9001/Service/LiveUpdate/VersionInfo.ashx?a=DemoClient.vshost
Stacktrace: 




[2019-07-01 18:29:25.2925.795520] Exception Found==============================
Type: System.Exception
Message:  [AppManager.dll] Url: http://211.232.104.186:9001/Service/LiveUpdate/VersionInfo.ashx?a=DemoClient.vshost
AppManager 서버의 web.config에 해당 프로그램에 대한 정보가 없습니다.
Source: 
HelpLink: ServerUrl = http://211.232.104.186:9001, UpdateUrl = /LiveUpdate/DemoClient, Url = http://211.232.104.186:9001/Service/LiveUpdate/VersionInfo.ashx?a=DemoClient.vshost
Stacktrace: 




[2019-07-01 18:30:48.3048.166426] Exception Found==============================
Type: System.Exception
Message:  [AppManager.dll] Url: http://211.232.104.186:9001/Service/LiveUpdate/VersionInfo.ashx?a=DemoClient.vshost
AppManager 서버의 web.config에 해당 프로그램에 대한 정보가 없습니다.
Source: 
HelpLink: ServerUrl = http://211.232.104.186:9001, UpdateUrl = /LiveUpdate/DemoClient, Url = http://211.232.104.186:9001/Service/LiveUpdate/VersionInfo.ashx?a=DemoClient.vshost
Stacktrace: 




[2019-07-01 18:31:42.3142.539096] Exception Found==============================
Type: System.ArgumentException
Message:  Column 'Name' does not belong to table .
Source: System.Data
HelpLink: 
Stacktrace: 
   at System.Data.DataRow.GetDataColumn(String columnName)
   at System.Data.DataRow.get_Item(String columnName)
   at DemoClient.View.HLP.testpage.FillComboBox(DataTable dt) in D:\win.bananaframework.net\DemoClient\View\HLP\testpage.cs:line 152
   at DemoClient.View.HLP.testpage..ctor() in D:\win.bananaframework.net\DemoClient\View\HLP\testpage.cs:line 36
   at DemoClient.frmMain.창고등록ToolStripMenuItem_Click(Object sender, EventArgs e) in D:\win.bananaframework.net\DemoClient\frmMain.cs:line 912
   at System.Windows.Forms.ToolStripItem.RaiseEvent(Object key, EventArgs e)
   at System.Windows.Forms.ToolStripMenuItem.OnClick(EventArgs e)
   at System.Windows.Forms.ToolStripItem.HandleClick(EventArgs e)
   at System.Windows.Forms.ToolStripItem.HandleMouseUp(MouseEventArgs e)
   at System.Windows.Forms.ToolStripItem.FireEventInteractive(EventArgs e, ToolStripItemEventType met)
   at System.Windows.Forms.ToolStripItem.FireEvent(EventArgs e, ToolStripItemEventType met)
   at System.Windows.Forms.ToolStrip.OnMouseUp(MouseEventArgs mea)
   at System.Windows.Forms.ToolStripDropDown.OnMouseUp(MouseEventArgs mea)
   at System.Windows.Forms.Control.WmMouseUp(Message& m, MouseButtons button, Int32 clicks)
   at System.Windows.Forms.Control.WndProc(Message& m)
   at System.Windows.Forms.ScrollableControl.WndProc(Message& m)
   at System.Windows.Forms.ToolStrip.WndProc(Message& m)
   at System.Windows.Forms.ToolStripDropDown.WndProc(Message& m)
   at System.Windows.Forms.Control.ControlNativeWindow.OnMessage(Message& m)
   at System.Windows.Forms.Control.ControlNativeWindow.WndProc(Message& m)
   at System.Windows.Forms.NativeWindow.Callback(IntPtr hWnd, Int32 msg, IntPtr wparam, IntPtr lparam)



[2019-07-01 18:51:18.5118.245114] Exception Found==============================
Type: System.Exception
Message:  [AppManager.dll] Url: http://211.232.104.186:9001/Service/LiveUpdate/VersionInfo.ashx?a=DemoClient.vshost
AppManager 서버의 web.config에 해당 프로그램에 대한 정보가 없습니다.
Source: 
HelpLink: ServerUrl = http://211.232.104.186:9001, UpdateUrl = /LiveUpdate/DemoClient, Url = http://211.232.104.186:9001/Service/LiveUpdate/VersionInfo.ashx?a=DemoClient.vshost
Stacktrace: 




[2019-07-01 18:51:41.5141.061132] Exception Found==============================
Type: System.InvalidOperationException
Message:  크로스 스레드 작업이 잘못되었습니다. 'gridControl1' 컨트롤이 자신이 만들어진 스레드가 아닌 스레드에서 액세스되었습니다.
Source: System.Windows.Forms
HelpLink: 
Stacktrace: 
   위치: System.Windows.Forms.Control.get_Handle()
   위치: System.Windows.Forms.Control.OnEnabledChanged(EventArgs e)
   위치: DevExpress.XtraGrid.GridControl.OnEnabledChanged(EventArgs e)
   위치: System.Windows.Forms.Control.set_Enabled(Boolean value)
   위치: DemoClient.View.BAS.BAS0500.EnableControls1(Boolean _bTrue) 파일 D:\win.bananaframework.net\DemoClient\View\BAS\BAS0500.cs:줄 85
   위치: DemoClient.View.BAS.BAS0500.SearchThread() 파일 D:\win.bananaframework.net\DemoClient\View\BAS\BAS0500.cs:줄 177
   위치: System.Threading.ThreadHelper.ThreadStart_Context(Object state)
   위치: System.Threading.ExecutionContext.RunInternal(ExecutionContext executionContext, ContextCallback callback, Object state, Boolean preserveSyncCtx)
   위치: System.Threading.ExecutionContext.Run(ExecutionContext executionContext, ContextCallback callback, Object state, Boolean preserveSyncCtx)
   위치: System.Threading.ExecutionContext.Run(ExecutionContext executionContext, ContextCallback callback, Object state)
   위치: System.Threading.ThreadHelper.ThreadStart()



[2019-07-01 18:53:48.5348.320024] Exception Found==============================
Type: System.InvalidOperationException
Message:  크로스 스레드 작업이 잘못되었습니다. 'gridControl1' 컨트롤이 자신이 만들어진 스레드가 아닌 스레드에서 액세스되었습니다.
Source: System.Windows.Forms
HelpLink: 
Stacktrace: 
   위치: System.Windows.Forms.Control.get_Handle()
   위치: System.Windows.Forms.Control.OnEnabledChanged(EventArgs e)
   위치: DevExpress.XtraGrid.GridControl.OnEnabledChanged(EventArgs e)
   위치: System.Windows.Forms.Control.set_Enabled(Boolean value)
   위치: DemoClient.View.BAS.BAS0500.EnableControls1(Boolean _bTrue) 파일 D:\win.bananaframework.net\DemoClient\View\BAS\BAS0500.cs:줄 85
   위치: DemoClient.View.BAS.BAS0500.SearchThread() 파일 D:\win.bananaframework.net\DemoClient\View\BAS\BAS0500.cs:줄 177
   위치: System.Threading.ThreadHelper.ThreadStart_Context(Object state)
   위치: System.Threading.ExecutionContext.RunInternal(ExecutionContext executionContext, ContextCallback callback, Object state, Boolean preserveSyncCtx)
   위치: System.Threading.ExecutionContext.Run(ExecutionContext executionContext, ContextCallback callback, Object state, Boolean preserveSyncCtx)
   위치: System.Threading.ExecutionContext.Run(ExecutionContext executionContext, ContextCallback callback, Object state)
   위치: System.Threading.ThreadHelper.ThreadStart()



[2019-07-01 18:54:40.5440.623185] Exception Found==============================
Type: System.InvalidOperationException
Message:  크로스 스레드 작업이 잘못되었습니다. 'gridControl1' 컨트롤이 자신이 만들어진 스레드가 아닌 스레드에서 액세스되었습니다.
Source: System.Windows.Forms
HelpLink: 
Stacktrace: 
   위치: System.Windows.Forms.Control.get_Handle()
   위치: System.Windows.Forms.Control.OnEnabledChanged(EventArgs e)
   위치: DevExpress.XtraGrid.GridControl.OnEnabledChanged(EventArgs e)
   위치: System.Windows.Forms.Control.set_Enabled(Boolean value)
   위치: DemoClient.View.BAS.BAS0500.EnableControls1(Boolean _bTrue) 파일 D:\win.bananaframework.net\DemoClient\View\BAS\BAS0500.cs:줄 85
   위치: DemoClient.View.BAS.BAS0500.SearchThread() 파일 D:\win.bananaframework.net\DemoClient\View\BAS\BAS0500.cs:줄 177
   위치: System.Threading.ThreadHelper.ThreadStart_Context(Object state)
   위치: System.Threading.ExecutionContext.RunInternal(ExecutionContext executionContext, ContextCallback callback, Object state, Boolean preserveSyncCtx)
   위치: System.Threading.ExecutionContext.Run(ExecutionContext executionContext, ContextCallback callback, Object state, Boolean preserveSyncCtx)
   위치: System.Threading.ExecutionContext.Run(ExecutionContext executionContext, ContextCallback callback, Object state)
   위치: System.Threading.ThreadHelper.ThreadStart()



[2019-07-01 18:55:41.5541.795680] Exception Found==============================
Type: System.Exception
Message:  [AppManager.dll] Url: http://211.232.104.186:9001/Service/LiveUpdate/VersionInfo.ashx?a=DemoClient.vshost
AppManager 서버의 web.config에 해당 프로그램에 대한 정보가 없습니다.
Source: 
HelpLink: ServerUrl = http://211.232.104.186:9001, UpdateUrl = /LiveUpdate/DemoClient, Url = http://211.232.104.186:9001/Service/LiveUpdate/VersionInfo.ashx?a=DemoClient.vshost
Stacktrace: 




[2019-07-01 19:34:02.342.113905] Exception Found==============================
Type: System.Exception
Message:  [AppManager.dll] Url: http://211.232.104.186:9001/Service/LiveUpdate/VersionInfo.ashx?a=DemoClient.vshost
AppManager 서버의 web.config에 해당 프로그램에 대한 정보가 없습니다.
Source: 
HelpLink: ServerUrl = http://211.232.104.186:9001, UpdateUrl = /LiveUpdate/DemoClient, Url = http://211.232.104.186:9001/Service/LiveUpdate/VersionInfo.ashx?a=DemoClient.vshost
Stacktrace: 




[2019-07-01 19:36:10.3610.145019] Exception Found==============================
Type: System.Exception
Message:  [AppManager.dll] Url: http://211.232.104.186:9001/Service/LiveUpdate/VersionInfo.ashx?a=DemoClient.vshost
AppManager 서버의 web.config에 해당 프로그램에 대한 정보가 없습니다.
Source: 
HelpLink: ServerUrl = http://211.232.104.186:9001, UpdateUrl = /LiveUpdate/DemoClient, Url = http://211.232.104.186:9001/Service/LiveUpdate/VersionInfo.ashx?a=DemoClient.vshost
Stacktrace: 
